<?xml version="1.0" encoding="UTF-8"?>
<testsuite name="com.example.yourapp.YourappApplicationTests" tests="1" skipped="0" failures="0" errors="0" timestamp="2026-06-08T08:00:53" hostname="uraMac-Pro.local" time="0.263">
  <properties/>
  <testcase name="contextLoads()" classname="com.example.yourapp.YourappApplicationTests" time="0.263"/>
  <system-out><![CDATA[17:00:52.067 [Test worker] INFO org.springframework.test.context.support.AnnotationConfigContextLoaderUtils -- Could not detect default configuration classes for test class [com.example.yourapp.YourappApplicationTests]: YourappApplicationTests does not declare any static, non-private, non-final, nested classes annotated with @Configuration.
17:00:52.095 [Test worker] INFO org.springframework.boot.test.context.SpringBootTestContextBootstrapper -- Found @SpringBootConfiguration com.example.yourapp.YourappApplication for test class com.example.yourapp.YourappApplicationTests

  .   ____          _            __ _ _
 /\\ / ___'_ __ _ _(_)_ __  __ _ \ \ \ \
( ( )\___ | '_ | '_| | '_ \/ _` | \ \ \ \
 \\/  ___)| |_)| | | | | || (_| |  ) ) ) )
  '  |____| .__|_| |_|_| |_\__, | / / / /
 =========|_|==============|___/=/_/_/_/
 :: Spring Boot ::                (v3.2.0)

2026-06-08T17:00:52.200+09:00  INFO 34597 --- [    Test worker] c.e.yourapp.YourappApplicationTests      : Starting YourappApplicationTests using Java 17.0.19 with PID 34597 (started by misun in /Users/misun/projects/prj-harness)
2026-06-08T17:00:52.201+09:00  INFO 34597 --- [    Test worker] c.e.yourapp.YourappApplicationTests      : No active profile set, falling back to 1 default profile: "default"
2026-06-08T17:00:52.416+09:00  INFO 34597 --- [    Test worker] .s.d.r.c.RepositoryConfigurationDelegate : Bootstrapping Spring Data JPA repositories in DEFAULT mode.
2026-06-08T17:00:52.421+09:00  INFO 34597 --- [    Test worker] .s.d.r.c.RepositoryConfigurationDelegate : Finished Spring Data repository scanning in 3 ms. Found 0 JPA repository interfaces.
2026-06-08T17:00:52.589+09:00  INFO 34597 --- [    Test worker] o.hibernate.jpa.internal.util.LogHelper  : HHH000204: Processing PersistenceUnitInfo [name: default]
2026-06-08T17:00:52.603+09:00  INFO 34597 --- [    Test worker] org.hibernate.Version                    : HHH000412: Hibernate ORM core version 6.3.1.Final
2026-06-08T17:00:52.612+09:00  INFO 34597 --- [    Test worker] o.h.c.internal.RegionFactoryInitiator    : HHH000026: Second-level cache disabled
2026-06-08T17:00:52.671+09:00  INFO 34597 --- [    Test worker] o.s.o.j.p.SpringPersistenceUnitInfo      : No LoadTimeWeaver setup: ignoring JPA class transformer
2026-06-08T17:00:52.678+09:00  INFO 34597 --- [    Test worker] com.zaxxer.hikari.HikariDataSource       : HikariPool-1 - Starting...
2026-06-08T17:00:52.727+09:00  INFO 34597 --- [    Test worker] com.zaxxer.hikari.pool.HikariPool        : HikariPool-1 - Added connection conn0: url=jdbc:h2:mem:testdb user=SA
2026-06-08T17:00:52.727+09:00  INFO 34597 --- [    Test worker] com.zaxxer.hikari.HikariDataSource       : HikariPool-1 - Start completed.
2026-06-08T17:00:52.812+09:00  INFO 34597 --- [    Test worker] o.h.e.t.j.p.i.JtaPlatformInitiator       : HHH000489: No JTA platform available (set 'hibernate.transaction.jta.platform' to enable JTA platform integration)
2026-06-08T17:00:52.814+09:00  INFO 34597 --- [    Test worker] j.LocalContainerEntityManagerFactoryBean : Initialized JPA EntityManagerFactory for persistence unit 'default'
2026-06-08T17:00:52.884+09:00  WARN 34597 --- [    Test worker] JpaBaseConfiguration$JpaWebConfiguration : spring.jpa.open-in-view is enabled by default. Therefore, database queries may be performed during view rendering. Explicitly configure spring.jpa.open-in-view to disable this warning
2026-06-08T17:00:53.178+09:00  INFO 34597 --- [    Test worker] o.s.b.a.e.web.EndpointLinksResolver      : Exposing 1 endpoint(s) beneath base path '/actuator'
2026-06-08T17:00:53.208+09:00  INFO 34597 --- [    Test worker] c.e.yourapp.YourappApplicationTests      : Started YourappApplicationTests in 1.08 seconds (process running for 1.375)
]]></system-out>
  <system-err><![CDATA[]]></system-err>
</testsuite>
